[GFX1-]: ClientLayerManager::BeginTransaction with IPC channel down. GPU process may have died.
[GFX1-]: ClientLayerManager::BeginTransaction with IPC channel down. GPU process may have died.
[GFX1-]: ClientLayerManager::BeginTransaction with IPC channel down. GPU process may have died.
WARN  2018-07-16 14:59:47 unity.shell.compiz unityshell.cpp:3241 Animation plugin not found. Can't set minimize speed.
[GFX1-]: ClientLayerManager::BeginTransaction with IPC channel down. GPU process may have died.
[GFX1-]: ClientLayerManager::BeginTransaction with IPC channel down. GPU process may have died.
[GFX1-]: ClientLayerManager::BeginTransaction with IPC channel down. GPU process may have died.
[GFX1-]: ClientLayerManager::BeginTransaction with IPC channel down. GPU process may have died.

###!!! [Parent][MessageChannel] Error: (msgtype=0x2C0082,name=PBrowser::Msg_Destroy) Closed channel: cannot send/recv


###!!! [Child][MessageChannel] Error: (msgtype=0x4400AB,name=PContent::Msg_ConsoleMessage) Channel closing: too late to send/recv, messages will be lost


###!!! [Child][RunMessage] Error: Channel closing: too late to send/recv, messages will be lost


###!!! [Child][RunMessage] Error: Channel closing: too late to send/recv, messages will be lost


###!!! [Child][RunMessage] Error: Channel closing: too late to send/recv, messages will be lost


###!!! [Child][RunMessage] Error: Channel closing: too late to send/recv, messages will be lost


###!!! [Child][RunMessage] Error: Channel closing: too late to send/recv, messages will be lost


###!!! [Child][MessageChannel] Error: (msgtype=0x2C0001,name=PBrowser::Msg_AsyncMessage) Closed channel: cannot send/recv

[GFX1-]: ClientLayerManager::BeginTransaction with IPC channel down. GPU process may have died.
[GFX1-]: ClientLayerManager::BeginTransaction with IPC channel down. GPU process may have died.
[GFX1-]: ClientLayerManager::BeginTransaction with IPC channel down. GPU process may have died.
[GFX1-]: ClientLayerManager::BeginTransaction with IPC channel down. GPU process may have died.
[GFX1-]: ClientLayerManager::BeginTransaction with IPC channel down. GPU process may have died.
[GFX1-]: ClientLayerManager::BeginTransaction with IPC channel down. GPU process may have died.
[GFX1-]: ClientLayerManager::BeginTransaction with IPC channel down. GPU process may have died.
[GFX1-]: ClientLayerManager::BeginTransaction with IPC channel down. GPU process may have died.
[GFX1-]: ClientLayerManager::BeginTransaction with IPC channel down. GPU process may have died.
[GFX1-]: ClientLayerManager::BeginTransaction with IPC channel down. GPU process may have died.
[GFX1-]: ClientLayerManager::BeginTransaction with IPC channel down. GPU process may have died.
[GFX1-]: ClientLayerManager::BeginTransaction with IPC channel down. GPU process may have died.
[GFX1-]: ClientLayerManager::BeginTransaction with IPC channel down. GPU process may have died.
[GFX1-]: ClientLayerManager::BeginTransaction with IPC channel down. GPU process may have died.
[GFX1-]: ClientLayerManager::BeginTransaction with IPC channel down. GPU process may have died.
1531724776875	addons.update-checker	WARN	onUpdateCheckComplete failed to parse update manifest: [Exception... "Update manifest is missing a required addons property."  nsresult: "0x80004005 (NS_ERROR_FAILURE)"  location: "JS frame :: resource://gre/modules/addons/AddonUpdateChecker.jsm :: getRequiredProperty :: line 465"  data: no] Stack trace: getRequiredProperty()@resource://gre/modules/addons/AddonUpdateChecker.jsm:465 < parseJSONManifest()@resource://gre/modules/addons/AddonUpdateChecker.jsm:475 < parser()@resource://gre/modules/addons/AddonUpdateChecker.jsm:643 < onLoad()@resource://gre/modules/addons/AddonUpdateChecker.jsm:663 < UpdateParser/<()@resource://gre/modules/addons/AddonUpdateChecker.jsm:584
1531724777003	addons.update-checker	WARN	onUpdateCheckComplete failed to parse update manifest: [Exception... "Update manifest is missing a required addons property."  nsresult: "0x80004005 (NS_ERROR_FAILURE)"  location: "JS frame :: resource://gre/modules/addons/AddonUpdateChecker.jsm :: getRequiredProperty :: line 465"  data: no] Stack trace: getRequiredProperty()@resource://gre/modules/addons/AddonUpdateChecker.jsm:465 < parseJSONManifest()@resource://gre/modules/addons/AddonUpdateChecker.jsm:475 < parser()@resource://gre/modules/addons/AddonUpdateChecker.jsm:643 < onLoad()@resource://gre/modules/addons/AddonUpdateChecker.jsm:663 < UpdateParser/<()@resource://gre/modules/addons/AddonUpdateChecker.jsm:584
1531724777190	addons.update-checker	WARN	onUpdateCheckComplete failed to parse update manifest: [Exception... "Update manifest is missing a required addons property."  nsresult: "0x80004005 (NS_ERROR_FAILURE)"  location: "JS frame :: resource://gre/modules/addons/AddonUpdateChecker.jsm :: getRequiredProperty :: line 465"  data: no] Stack trace: getRequiredProperty()@resource://gre/modules/addons/AddonUpdateChecker.jsm:465 < parseJSONManifest()@resource://gre/modules/addons/AddonUpdateChecker.jsm:475 < parser()@resource://gre/modules/addons/AddonUpdateChecker.jsm:643 < onLoad()@resource://gre/modules/addons/AddonUpdateChecker.jsm:663 < UpdateParser/<()@resource://gre/modules/addons/AddonUpdateChecker.jsm:584
1531724777223	addons.update-checker	WARN	onUpdateCheckComplete failed to parse update manifest: [Exception... "Update manifest is missing a required addons property."  nsresult: "0x80004005 (NS_ERROR_FAILURE)"  location: "JS frame :: resource://gre/modules/addons/AddonUpdateChecker.jsm :: getRequiredProperty :: line 465"  data: no] Stack trace: getRequiredProperty()@resource://gre/modules/addons/AddonUpdateChecker.jsm:465 < parseJSONManifest()@resource://gre/modules/addons/AddonUpdateChecker.jsm:475 < parser()@resource://gre/modules/addons/AddonUpdateChecker.jsm:643 < onLoad()@resource://gre/modules/addons/AddonUpdateChecker.jsm:663 < UpdateParser/<()@resource://gre/modules/addons/AddonUpdateChecker.jsm:584
1531724777333	addons.update-checker	WARN	onUpdateCheckComplete failed to parse update manifest: [Exception... "Update manifest is missing a required addons property."  nsresult: "0x80004005 (NS_ERROR_FAILURE)"  location: "JS frame :: resource://gre/modules/addons/AddonUpdateChecker.jsm :: getRequiredProperty :: line 465"  data: no] Stack trace: getRequiredProperty()@resource://gre/modules/addons/AddonUpdateChecker.jsm:465 < parseJSONManifest()@resource://gre/modules/addons/AddonUpdateChecker.jsm:475 < parser()@resource://gre/modules/addons/AddonUpdateChecker.jsm:643 < onLoad()@resource://gre/modules/addons/AddonUpdateChecker.jsm:663 < UpdateParser/<()@resource://gre/modules/addons/AddonUpdateChecker.jsm:584
1531724777935	addons.update-checker	WARN	onUpdateCheckComplete failed to parse update manifest: [Exception... "Update manifest is missing a required addons property."  nsresult: "0x80004005 (NS_ERROR_FAILURE)"  location: "JS frame :: resource://gre/modules/addons/AddonUpdateChecker.jsm :: getRequiredProperty :: line 465"  data: no] Stack trace: getRequiredProperty()@resource://gre/modules/addons/AddonUpdateChecker.jsm:465 < parseJSONManifest()@resource://gre/modules/addons/AddonUpdateChecker.jsm:475 < parser()@resource://gre/modules/addons/AddonUpdateChecker.jsm:643 < onLoad()@resource://gre/modules/addons/AddonUpdateChecker.jsm:663 < UpdateParser/<()@resource://gre/modules/addons/AddonUpdateChecker.jsm:584
*************************
A coding exception was thrown and uncaught in a Task.

Full message: TypeError: NetworkError when attempting to fetch resource.
Full stack: loadFile@resource://gre/modules/services-common/blocklist-clients.js:119:30
TaskImpl_run@resource://gre/modules/Task.jsm:319:42
TaskImpl@resource://gre/modules/Task.jsm:277:3
asyncFunction@resource://gre/modules/Task.jsm:252:14
Task_spawn@resource://gre/modules/Task.jsm:166:12
loadDumpFile@resource://gre/modules/services-common/blocklist-clients.js:118:12
syncCollection@resource://gre/modules/services-common/blocklist-clients.js:212:39
TaskImpl_run@resource://gre/modules/Task.jsm:319:42

*************************
WARN  2018-07-16 15:09:21 unity <unknown>:0 Failed to fetch paths: 已到超时限制
ERROR 2018-07-16 15:10:20 unity.settings UnitySettings.cpp:318 Invalid monitor index: -1. Returning index 0 monitor instead.
